2018-06-25 09:50:41 [main] DEBUG [org.mybatis.spring.mapper.ClassPathMapperScanner] - Identified candidate component class: file [E:\myselt-test\target\classes\com\taotao\mapper\TbItemMapper.class]
2018-06-25 09:50:41 [main] DEBUG [org.mybatis.spring.mapper.ClassPathMapperScanner] - Creating MapperFactoryBean with name 'tbItemMapper' and 'com.taotao.mapper.TbItemMapper' mapperInterface
2018-06-25 09:50:41 [main] DEBUG [org.mybatis.spring.mapper.ClassPathMapperScanner] - Enabling autowire by type for MapperFactoryBean with name 'tbItemMapper'.
2018-06-25 09:50:42 [main] DEBUG [org.apache.ibatis.logging.LogFactory] - Logging initialized using 'class org.apache.ibatis.logging.slf4j.Slf4jImpl' adapter.
2018-06-25 09:50:42 [main] DEBUG [org.mybatis.spring.SqlSessionFactoryBean] - Parsed configuration file: 'class path resource [mybatis/SqlMapConfig.xml]'
2018-06-25 09:50:42 [main] DEBUG [org.mybatis.spring.SqlSessionFactoryBean] - Property 'mapperLocations' was not specified or no matching resources found
2018-06-25 09:50:42 [main] ERROR [org.mybatis.spring.mapper.MapperFactoryBean] - Error while adding the mapper 'interface com.taotao.mapper.TbItemMapper' to configuration.
org.apache.ibatis.builder.BuilderException: Error creating document instance.  Cause: org.xml.sax.SAXParseException; lineNumber: 212; columnNumber: 33; 必须声明元素类型 "TbItem"。
	at org.apache.ibatis.parsing.XPathParser.createDocument(XPathParser.java:256)
	at org.apache.ibatis.parsing.XPathParser.<init>(XPathParser.java:125)
	at org.apache.ibatis.builder.xml.XMLMapperBuilder.<init>(XMLMapperBuilder.java:78)
	at org.apache.ibatis.builder.xml.XMLMapperBuilder.<init>(XMLMapperBuilder.java:73)
	at org.apache.ibatis.builder.annotation.MapperAnnotationBuilder.loadXmlResource(MapperAnnotationBuilder.java:165)
	at org.apache.ibatis.builder.annotation.MapperAnnotationBuilder.parse(MapperAnnotationBuilder.java:118)
	at org.apache.ibatis.binding.MapperRegistry.addMapper(MapperRegistry.java:71)
	at org.apache.ibatis.session.Configuration.addMapper(Configuration.java:651)
	at org.mybatis.spring.mapper.MapperFactoryBean.checkDaoConfig(MapperFactoryBean.java:97)
	at org.springframework.dao.support.DaoSupport.afterPropertiesSet(DaoSupport.java:44)
	at org.springframework.beans.factory.support.AbstractAutowireCapableBeanFactory.invokeInitMethods(AbstractAutowireCapableBeanFactory.java:1637)
	at org.springframework.beans.factory.support.AbstractAutowireCapableBeanFactory.initializeBean(AbstractAutowireCapableBeanFactory.java:1574)
	at org.springframework.beans.factory.support.AbstractAutowireCapableBeanFactory.doCreateBean(AbstractAutowireCapableBeanFactory.java:545)
	at org.springframework.beans.factory.support.AbstractAutowireCapableBeanFactory.createBean(AbstractAutowireCapableBeanFactory.java:482)
	at org.springframework.beans.factory.support.AbstractBeanFactory$1.getObject(AbstractBeanFactory.java:306)
	at org.springframework.beans.factory.support.DefaultSingletonBeanRegistry.getSingleton(DefaultSingletonBeanRegistry.java:230)
	at org.springframework.beans.factory.support.AbstractBeanFactory.doGetBean(AbstractBeanFactory.java:302)
	at org.springframework.beans.factory.support.AbstractBeanFactory.getBean(AbstractBeanFactory.java:197)
	at org.springframework.beans.factory.support.DefaultListableBeanFactory.preInstantiateSingletons(DefaultListableBeanFactory.java:753)
	at org.springframework.context.support.AbstractApplicationContext.finishBeanFactoryInitialization(AbstractApplicationContext.java:839)
	at org.springframework.context.support.AbstractApplicationContext.refresh(AbstractApplicationContext.java:538)
	at org.springframework.context.support.ClassPathXmlApplicationContext.<init>(ClassPathXmlApplicationContext.java:139)
	at org.springframework.context.support.ClassPathXmlApplicationContext.<init>(ClassPathXmlApplicationContext.java:83)
	at cn.gzsxt.test.TbitemController.insertBatch(TbitemController.java:19)
	at sun.reflect.NativeMethodAccessorImpl.invoke0(Native Method)
	at sun.reflect.NativeMethodAccessorImpl.invoke(NativeMethodAccessorImpl.java:57)
	at sun.reflect.DelegatingMethodAccessorImpl.invoke(DelegatingMethodAccessorImpl.java:43)
	at java.lang.reflect.Method.invoke(Method.java:601)
	at org.junit.runners.model.FrameworkMethod$1.runReflectiveCall(FrameworkMethod.java:50)
	at org.junit.internal.runners.model.ReflectiveCallable.run(ReflectiveCallable.java:12)
	at org.junit.runners.model.FrameworkMethod.invokeExplosively(FrameworkMethod.java:47)
	at org.junit.internal.runners.statements.InvokeMethod.evaluate(InvokeMethod.java:17)
	at org.junit.runners.ParentRunner.runLeaf(ParentRunner.java:325)
	at org.junit.runners.BlockJUnit4ClassRunner.runChild(BlockJUnit4ClassRunner.java:78)
	at org.junit.runners.BlockJUnit4ClassRunner.runChild(BlockJUnit4ClassRunner.java:57)
	at org.junit.runners.ParentRunner$3.run(ParentRunner.java:290)
	at org.junit.runners.ParentRunner$1.schedule(ParentRunner.java:71)
	at org.junit.runners.ParentRunner.runChildren(ParentRunner.java:288)
	at org.junit.runners.ParentRunner.access$000(ParentRunner.java:58)
	at org.junit.runners.ParentRunner$2.evaluate(ParentRunner.java:268)
	at org.junit.runners.ParentRunner.run(ParentRunner.java:363)
	at org.junit.runner.JUnitCore.run(JUnitCore.java:137)
	at com.intellij.junit4.JUnit4IdeaTestRunner.startRunnerWithArgs(JUnit4IdeaTestRunner.java:68)
	at com.intellij.rt.execution.junit.IdeaTestRunner$Repeater.startRunnerWithArgs(IdeaTestRunner.java:51)
	at com.intellij.rt.execution.junit.JUnitStarter.prepareStreamsAndStart(JUnitStarter.java:237)
	at com.intellij.rt.execution.junit.JUnitStarter.main(JUnitStarter.java:70)
Caused by: org.xml.sax.SAXParseException; lineNumber: 212; columnNumber: 33; 必须声明元素类型 "TbItem"。
	at com.sun.org.apache.xerces.internal.util.ErrorHandlerWrapper.createSAXParseException(ErrorHandlerWrapper.java:198)
	at com.sun.org.apache.xerces.internal.util.ErrorHandlerWrapper.error(ErrorHandlerWrapper.java:134)
	at com.sun.org.apache.xerces.internal.impl.XMLErrorReporter.reportError(XMLErrorReporter.java:437)
	at com.sun.org.apache.xerces.internal.impl.XMLErrorReporter.reportError(XMLErrorReporter.java:368)
	at com.sun.org.apache.xerces.internal.impl.XMLErrorReporter.reportError(XMLErrorReporter.java:325)
	at com.sun.org.apache.xerces.internal.impl.dtd.XMLDTDValidator.handleStartElement(XMLDTDValidator.java:1906)
	at com.sun.org.apache.xerces.internal.impl.dtd.XMLDTDValidator.startElement(XMLDTDValidator.java:742)
	at com.sun.org.apache.xerces.internal.impl.XMLDocumentFragmentScannerImpl.scanStartElement(XMLDocumentFragmentScannerImpl.java:1323)
	at com.sun.org.apache.xerces.internal.impl.XMLDocumentFragmentScannerImpl$FragmentContentDriver.next(XMLDocumentFragmentScannerImpl.java:2717)
	at com.sun.org.apache.xerces.internal.impl.XMLDocumentScannerImpl.next(XMLDocumentScannerImpl.java:607)
	at com.sun.org.apache.xerces.internal.impl.XMLDocumentFragmentScannerImpl.scanDocument(XMLDocumentFragmentScannerImpl.java:489)
	at com.sun.org.apache.xerces.internal.parsers.XML11Configuration.parse(XML11Configuration.java:835)
	at com.sun.org.apache.xerces.internal.parsers.XML11Configuration.parse(XML11Configuration.java:764)
	at com.sun.org.apache.xerces.internal.parsers.XMLParser.parse(XMLParser.java:123)
	at com.sun.org.apache.xerces.internal.parsers.DOMParser.parse(DOMParser.java:237)
	at com.sun.org.apache.xerces.internal.jaxp.DocumentBuilderImpl.parse(DocumentBuilderImpl.java:300)
	at org.apache.ibatis.parsing.XPathParser.createDocument(XPathParser.java:254)
	... 45 more
2018-06-25 09:50:42 [main] WARN  [org.springframework.context.support.ClassPathXmlApplicationContext] - Exception encountered during context initialization - cancelling refresh attempt: org.springframework.beans.factory.BeanCreationException: Error creating bean with name 'tbItemMapper' defined in file [E:\myselt-test\target\classes\com\taotao\mapper\TbItemMapper.class]: Invocation of init method failed; nested exception is java.lang.IllegalArgumentException: org.apache.ibatis.builder.BuilderException: Error creating document instance.  Cause: org.xml.sax.SAXParseException; lineNumber: 212; columnNumber: 33; 必须声明元素类型 "TbItem"。
2018-06-25 09:56:40 [main] DEBUG [org.mybatis.spring.mapper.ClassPathMapperScanner] - Identified candidate component class: file [E:\myselt-test\target\classes\com\taotao\mapper\TbItemMapper.class]
2018-06-25 09:56:40 [main] DEBUG [org.mybatis.spring.mapper.ClassPathMapperScanner] - Creating MapperFactoryBean with name 'tbItemMapper' and 'com.taotao.mapper.TbItemMapper' mapperInterface
2018-06-25 09:56:40 [main] DEBUG [org.mybatis.spring.mapper.ClassPathMapperScanner] - Enabling autowire by type for MapperFactoryBean with name 'tbItemMapper'.
2018-06-25 09:56:41 [main] DEBUG [org.apache.ibatis.logging.LogFactory] - Logging initialized using 'class org.apache.ibatis.logging.slf4j.Slf4jImpl' adapter.
2018-06-25 09:56:41 [main] DEBUG [org.mybatis.spring.SqlSessionFactoryBean] - Parsed configuration file: 'class path resource [mybatis/SqlMapConfig.xml]'
2018-06-25 09:56:41 [main] DEBUG [org.mybatis.spring.SqlSessionFactoryBean] - Property 'mapperLocations' was not specified or no matching resources found
2018-06-25 09:56:41 [main] ERROR [org.mybatis.spring.mapper.MapperFactoryBean] - Error while adding the mapper 'interface com.taotao.mapper.TbItemMapper' to configuration.
org.apache.ibatis.builder.BuilderException: Error creating document instance.  Cause: org.xml.sax.SAXParseException; lineNumber: 212; columnNumber: 33; 必须声明元素类型 "TbItem"。
	at org.apache.ibatis.parsing.XPathParser.createDocument(XPathParser.java:256)
	at org.apache.ibatis.parsing.XPathParser.<init>(XPathParser.java:125)
	at org.apache.ibatis.builder.xml.XMLMapperBuilder.<init>(XMLMapperBuilder.java:78)
	at org.apache.ibatis.builder.xml.XMLMapperBuilder.<init>(XMLMapperBuilder.java:73)
	at org.apache.ibatis.builder.annotation.MapperAnnotationBuilder.loadXmlResource(MapperAnnotationBuilder.java:165)
	at org.apache.ibatis.builder.annotation.MapperAnnotationBuilder.parse(MapperAnnotationBuilder.java:118)
	at org.apache.ibatis.binding.MapperRegistry.addMapper(MapperRegistry.java:71)
	at org.apache.ibatis.session.Configuration.addMapper(Configuration.java:651)
	at org.mybatis.spring.mapper.MapperFactoryBean.checkDaoConfig(MapperFactoryBean.java:97)
	at org.springframework.dao.support.DaoSupport.afterPropertiesSet(DaoSupport.java:44)
	at org.springframework.beans.factory.support.AbstractAutowireCapableBeanFactory.invokeInitMethods(AbstractAutowireCapableBeanFactory.java:1637)
	at org.springframework.beans.factory.support.AbstractAutowireCapableBeanFactory.initializeBean(AbstractAutowireCapableBeanFactory.java:1574)
	at org.springframework.beans.factory.support.AbstractAutowireCapableBeanFactory.doCreateBean(AbstractAutowireCapableBeanFactory.java:545)
	at org.springframework.beans.factory.support.AbstractAutowireCapableBeanFactory.createBean(AbstractAutowireCapableBeanFactory.java:482)
	at org.springframework.beans.factory.support.AbstractBeanFactory$1.getObject(AbstractBeanFactory.java:306)
	at org.springframework.beans.factory.support.DefaultSingletonBeanRegistry.getSingleton(DefaultSingletonBeanRegistry.java:230)
	at org.springframework.beans.factory.support.AbstractBeanFactory.doGetBean(AbstractBeanFactory.java:302)
	at org.springframework.beans.factory.support.AbstractBeanFactory.getBean(AbstractBeanFactory.java:197)
	at org.springframework.beans.factory.support.DefaultListableBeanFactory.preInstantiateSingletons(DefaultListableBeanFactory.java:753)
	at org.springframework.context.support.AbstractApplicationContext.finishBeanFactoryInitialization(AbstractApplicationContext.java:839)
	at org.springframework.context.support.AbstractApplicationContext.refresh(AbstractApplicationContext.java:538)
	at org.springframework.context.support.ClassPathXmlApplicationContext.<init>(ClassPathXmlApplicationContext.java:139)
	at org.springframework.context.support.ClassPathXmlApplicationContext.<init>(ClassPathXmlApplicationContext.java:83)
	at cn.gzsxt.test.TbitemController.insertBatch(TbitemController.java:19)
	at sun.reflect.NativeMethodAccessorImpl.invoke0(Native Method)
	at sun.reflect.NativeMethodAccessorImpl.invoke(NativeMethodAccessorImpl.java:57)
	at sun.reflect.DelegatingMethodAccessorImpl.invoke(DelegatingMethodAccessorImpl.java:43)
	at java.lang.reflect.Method.invoke(Method.java:601)
	at org.junit.runners.model.FrameworkMethod$1.runReflectiveCall(FrameworkMethod.java:50)
	at org.junit.internal.runners.model.ReflectiveCallable.run(ReflectiveCallable.java:12)
	at org.junit.runners.model.FrameworkMethod.invokeExplosively(FrameworkMethod.java:47)
	at org.junit.internal.runners.statements.InvokeMethod.evaluate(InvokeMethod.java:17)
	at org.junit.runners.ParentRunner.runLeaf(ParentRunner.java:325)
	at org.junit.runners.BlockJUnit4ClassRunner.runChild(BlockJUnit4ClassRunner.java:78)
	at org.junit.runners.BlockJUnit4ClassRunner.runChild(BlockJUnit4ClassRunner.java:57)
	at org.junit.runners.ParentRunner$3.run(ParentRunner.java:290)
	at org.junit.runners.ParentRunner$1.schedule(ParentRunner.java:71)
	at org.junit.runners.ParentRunner.runChildren(ParentRunner.java:288)
	at org.junit.runners.ParentRunner.access$000(ParentRunner.java:58)
	at org.junit.runners.ParentRunner$2.evaluate(ParentRunner.java:268)
	at org.junit.runners.ParentRunner.run(ParentRunner.java:363)
	at org.junit.runner.JUnitCore.run(JUnitCore.java:137)
	at com.intellij.junit4.JUnit4IdeaTestRunner.startRunnerWithArgs(JUnit4IdeaTestRunner.java:68)
	at com.intellij.rt.execution.junit.IdeaTestRunner$Repeater.startRunnerWithArgs(IdeaTestRunner.java:51)
	at com.intellij.rt.execution.junit.JUnitStarter.prepareStreamsAndStart(JUnitStarter.java:237)
	at com.intellij.rt.execution.junit.JUnitStarter.main(JUnitStarter.java:70)
Caused by: org.xml.sax.SAXParseException; lineNumber: 212; columnNumber: 33; 必须声明元素类型 "TbItem"。
	at com.sun.org.apache.xerces.internal.util.ErrorHandlerWrapper.createSAXParseException(ErrorHandlerWrapper.java:198)
	at com.sun.org.apache.xerces.internal.util.ErrorHandlerWrapper.error(ErrorHandlerWrapper.java:134)
	at com.sun.org.apache.xerces.internal.impl.XMLErrorReporter.reportError(XMLErrorReporter.java:437)
	at com.sun.org.apache.xerces.internal.impl.XMLErrorReporter.reportError(XMLErrorReporter.java:368)
	at com.sun.org.apache.xerces.internal.impl.XMLErrorReporter.reportError(XMLErrorReporter.java:325)
	at com.sun.org.apache.xerces.internal.impl.dtd.XMLDTDValidator.handleStartElement(XMLDTDValidator.java:1906)
	at com.sun.org.apache.xerces.internal.impl.dtd.XMLDTDValidator.startElement(XMLDTDValidator.java:742)
	at com.sun.org.apache.xerces.internal.impl.XMLDocumentFragmentScannerImpl.scanStartElement(XMLDocumentFragmentScannerImpl.java:1323)
	at com.sun.org.apache.xerces.internal.impl.XMLDocumentFragmentScannerImpl$FragmentContentDriver.next(XMLDocumentFragmentScannerImpl.java:2717)
	at com.sun.org.apache.xerces.internal.impl.XMLDocumentScannerImpl.next(XMLDocumentScannerImpl.java:607)
	at com.sun.org.apache.xerces.internal.impl.XMLDocumentFragmentScannerImpl.scanDocument(XMLDocumentFragmentScannerImpl.java:489)
	at com.sun.org.apache.xerces.internal.parsers.XML11Configuration.parse(XML11Configuration.java:835)
	at com.sun.org.apache.xerces.internal.parsers.XML11Configuration.parse(XML11Configuration.java:764)
	at com.sun.org.apache.xerces.internal.parsers.XMLParser.parse(XMLParser.java:123)
	at com.sun.org.apache.xerces.internal.parsers.DOMParser.parse(DOMParser.java:237)
	at com.sun.org.apache.xerces.internal.jaxp.DocumentBuilderImpl.parse(DocumentBuilderImpl.java:300)
	at org.apache.ibatis.parsing.XPathParser.createDocument(XPathParser.java:254)
	... 45 more
2018-06-25 09:56:41 [main] WARN  [org.springframework.context.support.ClassPathXmlApplicationContext] - Exception encountered during context initialization - cancelling refresh attempt: org.springframework.beans.factory.BeanCreationException: Error creating bean with name 'tbItemMapper' defined in file [E:\myselt-test\target\classes\com\taotao\mapper\TbItemMapper.class]: Invocation of init method failed; nested exception is java.lang.IllegalArgumentException: org.apache.ibatis.builder.BuilderException: Error creating document instance.  Cause: org.xml.sax.SAXParseException; lineNumber: 212; columnNumber: 33; 必须声明元素类型 "TbItem"。
2018-06-25 09:57:47 [main] DEBUG [org.mybatis.spring.mapper.ClassPathMapperScanner] - Identified candidate component class: file [E:\myselt-test\target\classes\com\taotao\mapper\TbItemMapper.class]
2018-06-25 09:57:47 [main] DEBUG [org.mybatis.spring.mapper.ClassPathMapperScanner] - Creating MapperFactoryBean with name 'tbItemMapper' and 'com.taotao.mapper.TbItemMapper' mapperInterface
2018-06-25 09:57:47 [main] DEBUG [org.mybatis.spring.mapper.ClassPathMapperScanner] - Enabling autowire by type for MapperFactoryBean with name 'tbItemMapper'.
2018-06-25 09:57:48 [main] DEBUG [org.apache.ibatis.logging.LogFactory] - Logging initialized using 'class org.apache.ibatis.logging.slf4j.Slf4jImpl' adapter.
2018-06-25 09:57:48 [main] DEBUG [org.mybatis.spring.SqlSessionFactoryBean] - Parsed configuration file: 'class path resource [mybatis/SqlMapConfig.xml]'
2018-06-25 09:57:48 [main] DEBUG [org.mybatis.spring.SqlSessionFactoryBean] - Property 'mapperLocations' was not specified or no matching resources found
2018-06-25 09:57:48 [main] ERROR [org.mybatis.spring.mapper.MapperFactoryBean] - Error while adding the mapper 'interface com.taotao.mapper.TbItemMapper' to configuration.
org.apache.ibatis.builder.BuilderException: Error creating document instance.  Cause: org.xml.sax.SAXParseException; lineNumber: 223; columnNumber: 10; 元素类型为 "mapper" 的内容必须匹配 "(cache-ref|cache|resultMap*|parameterMap*|sql*|insert*|update*|delete*|select*)+"。
	at org.apache.ibatis.parsing.XPathParser.createDocument(XPathParser.java:256)
	at org.apache.ibatis.parsing.XPathParser.<init>(XPathParser.java:125)
	at org.apache.ibatis.builder.xml.XMLMapperBuilder.<init>(XMLMapperBuilder.java:78)
	at org.apache.ibatis.builder.xml.XMLMapperBuilder.<init>(XMLMapperBuilder.java:73)
	at org.apache.ibatis.builder.annotation.MapperAnnotationBuilder.loadXmlResource(MapperAnnotationBuilder.java:165)
	at org.apache.ibatis.builder.annotation.MapperAnnotationBuilder.parse(MapperAnnotationBuilder.java:118)
	at org.apache.ibatis.binding.MapperRegistry.addMapper(MapperRegistry.java:71)
	at org.apache.ibatis.session.Configuration.addMapper(Configuration.java:651)
	at org.mybatis.spring.mapper.MapperFactoryBean.checkDaoConfig(MapperFactoryBean.java:97)
	at org.springframework.dao.support.DaoSupport.afterPropertiesSet(DaoSupport.java:44)
	at org.springframework.beans.factory.support.AbstractAutowireCapableBeanFactory.invokeInitMethods(AbstractAutowireCapableBeanFactory.java:1637)
	at org.springframework.beans.factory.support.AbstractAutowireCapableBeanFactory.initializeBean(AbstractAutowireCapableBeanFactory.java:1574)
	at org.springframework.beans.factory.support.AbstractAutowireCapableBeanFactory.doCreateBean(AbstractAutowireCapableBeanFactory.java:545)
	at org.springframework.beans.factory.support.AbstractAutowireCapableBeanFactory.createBean(AbstractAutowireCapableBeanFactory.java:482)
	at org.springframework.beans.factory.support.AbstractBeanFactory$1.getObject(AbstractBeanFactory.java:306)
	at org.springframework.beans.factory.support.DefaultSingletonBeanRegistry.getSingleton(DefaultSingletonBeanRegistry.java:230)
	at org.springframework.beans.factory.support.AbstractBeanFactory.doGetBean(AbstractBeanFactory.java:302)
	at org.springframework.beans.factory.support.AbstractBeanFactory.getBean(AbstractBeanFactory.java:197)
	at org.springframework.beans.factory.support.DefaultListableBeanFactory.preInstantiateSingletons(DefaultListableBeanFactory.java:753)
	at org.springframework.context.support.AbstractApplicationContext.finishBeanFactoryInitialization(AbstractApplicationContext.java:839)
	at org.springframework.context.support.AbstractApplicationContext.refresh(AbstractApplicationContext.java:538)
	at org.springframework.context.support.ClassPathXmlApplicationContext.<init>(ClassPathXmlApplicationContext.java:139)
	at org.springframework.context.support.ClassPathXmlApplicationContext.<init>(ClassPathXmlApplicationContext.java:83)
	at cn.gzsxt.test.TbitemController.insertBatch(TbitemController.java:19)
	at sun.reflect.NativeMethodAccessorImpl.invoke0(Native Method)
	at sun.reflect.NativeMethodAccessorImpl.invoke(NativeMethodAccessorImpl.java:57)
	at sun.reflect.DelegatingMethodAccessorImpl.invoke(DelegatingMethodAccessorImpl.java:43)
	at java.lang.reflect.Method.invoke(Method.java:601)
	at org.junit.runners.model.FrameworkMethod$1.runReflectiveCall(FrameworkMethod.java:50)
	at org.junit.internal.runners.model.ReflectiveCallable.run(ReflectiveCallable.java:12)
	at org.junit.runners.model.FrameworkMethod.invokeExplosively(FrameworkMethod.java:47)
	at org.junit.internal.runners.statements.InvokeMethod.evaluate(InvokeMethod.java:17)
	at org.junit.runners.ParentRunner.runLeaf(ParentRunner.java:325)
	at org.junit.runners.BlockJUnit4ClassRunner.runChild(BlockJUnit4ClassRunner.java:78)
	at org.junit.runners.BlockJUnit4ClassRunner.runChild(BlockJUnit4ClassRunner.java:57)
	at org.junit.runners.ParentRunner$3.run(ParentRunner.java:290)
	at org.junit.runners.ParentRunner$1.schedule(ParentRunner.java:71)
	at org.junit.runners.ParentRunner.runChildren(ParentRunner.java:288)
	at org.junit.runners.ParentRunner.access$000(ParentRunner.java:58)
	at org.junit.runners.ParentRunner$2.evaluate(ParentRunner.java:268)
	at org.junit.runners.ParentRunner.run(ParentRunner.java:363)
	at org.junit.runner.JUnitCore.run(JUnitCore.java:137)
	at com.intellij.junit4.JUnit4IdeaTestRunner.startRunnerWithArgs(JUnit4IdeaTestRunner.java:68)
	at com.intellij.rt.execution.junit.IdeaTestRunner$Repeater.startRunnerWithArgs(IdeaTestRunner.java:51)
	at com.intellij.rt.execution.junit.JUnitStarter.prepareStreamsAndStart(JUnitStarter.java:237)
	at com.intellij.rt.execution.junit.JUnitStarter.main(JUnitStarter.java:70)
Caused by: org.xml.sax.SAXParseException; lineNumber: 223; columnNumber: 10; 元素类型为 "mapper" 的内容必须匹配 "(cache-ref|cache|resultMap*|parameterMap*|sql*|insert*|update*|delete*|select*)+"。
	at com.sun.org.apache.xerces.internal.util.ErrorHandlerWrapper.createSAXParseException(ErrorHandlerWrapper.java:198)
	at com.sun.org.apache.xerces.internal.util.ErrorHandlerWrapper.error(ErrorHandlerWrapper.java:134)
	at com.sun.org.apache.xerces.internal.impl.XMLErrorReporter.reportError(XMLErrorReporter.java:437)
	at com.sun.org.apache.xerces.internal.impl.XMLErrorReporter.reportError(XMLErrorReporter.java:368)
	at com.sun.org.apache.xerces.internal.impl.XMLErrorReporter.reportError(XMLErrorReporter.java:325)
	at com.sun.org.apache.xerces.internal.impl.dtd.XMLDTDValidator.handleEndElement(XMLDTDValidator.java:1994)
	at com.sun.org.apache.xerces.internal.impl.dtd.XMLDTDValidator.endElement(XMLDTDValidator.java:879)
	at com.sun.org.apache.xerces.internal.impl.XMLDocumentFragmentScannerImpl.scanEndElement(XMLDocumentFragmentScannerImpl.java:1742)
	at com.sun.org.apache.xerces.internal.impl.XMLDocumentFragmentScannerImpl$FragmentContentDriver.next(XMLDocumentFragmentScannerImpl.java:2900)
	at com.sun.org.apache.xerces.internal.impl.XMLDocumentScannerImpl.next(XMLDocumentScannerImpl.java:607)
	at com.sun.org.apache.xerces.internal.impl.XMLDocumentFragmentScannerImpl.scanDocument(XMLDocumentFragmentScannerImpl.java:489)
	at com.sun.org.apache.xerces.internal.parsers.XML11Configuration.parse(XML11Configuration.java:835)
	at com.sun.org.apache.xerces.internal.parsers.XML11Configuration.parse(XML11Configuration.java:764)
	at com.sun.org.apache.xerces.internal.parsers.XMLParser.parse(XMLParser.java:123)
	at com.sun.org.apache.xerces.internal.parsers.DOMParser.parse(DOMParser.java:237)
	at com.sun.org.apache.xerces.internal.jaxp.DocumentBuilderImpl.parse(DocumentBuilderImpl.java:300)
	at org.apache.ibatis.parsing.XPathParser.createDocument(XPathParser.java:254)
	... 45 more
2018-06-25 09:57:48 [main] WARN  [org.springframework.context.support.ClassPathXmlApplicationContext] - Exception encountered during context initialization - cancelling refresh attempt: org.springframework.beans.factory.BeanCreationException: Error creating bean with name 'tbItemMapper' defined in file [E:\myselt-test\target\classes\com\taotao\mapper\TbItemMapper.class]: Invocation of init method failed; nested exception is java.lang.IllegalArgumentException: org.apache.ibatis.builder.BuilderException: Error creating document instance.  Cause: org.xml.sax.SAXParseException; lineNumber: 223; columnNumber: 10; 元素类型为 "mapper" 的内容必须匹配 "(cache-ref|cache|resultMap*|parameterMap*|sql*|insert*|update*|delete*|select*)+"。
2018-06-25 09:58:59 [main] DEBUG [org.mybatis.spring.mapper.ClassPathMapperScanner] - Identified candidate component class: file [E:\myselt-test\target\classes\com\taotao\mapper\TbItemMapper.class]
2018-06-25 09:58:59 [main] DEBUG [org.mybatis.spring.mapper.ClassPathMapperScanner] - Creating MapperFactoryBean with name 'tbItemMapper' and 'com.taotao.mapper.TbItemMapper' mapperInterface
2018-06-25 09:58:59 [main] DEBUG [org.mybatis.spring.mapper.ClassPathMapperScanner] - Enabling autowire by type for MapperFactoryBean with name 'tbItemMapper'.
2018-06-25 09:59:00 [main] DEBUG [org.apache.ibatis.logging.LogFactory] - Logging initialized using 'class org.apache.ibatis.logging.slf4j.Slf4jImpl' adapter.
2018-06-25 09:59:00 [main] DEBUG [org.mybatis.spring.SqlSessionFactoryBean] - Parsed configuration file: 'class path resource [mybatis/SqlMapConfig.xml]'
2018-06-25 09:59:00 [main] DEBUG [org.mybatis.spring.SqlSessionFactoryBean] - Property 'mapperLocations' was not specified or no matching resources found
2018-06-25 09:59:00 [main] ERROR [org.mybatis.spring.mapper.MapperFactoryBean] - Error while adding the mapper 'interface com.taotao.mapper.TbItemMapper' to configuration.
org.apache.ibatis.builder.BuilderException: Error creating document instance.  Cause: org.xml.sax.SAXParseException; lineNumber: 223; columnNumber: 10; 元素类型为 "mapper" 的内容必须匹配 "(cache-ref|cache|resultMap*|parameterMap*|sql*|insert*|update*|delete*|select*)+"。
	at org.apache.ibatis.parsing.XPathParser.createDocument(XPathParser.java:256)
	at org.apache.ibatis.parsing.XPathParser.<init>(XPathParser.java:125)
	at org.apache.ibatis.builder.xml.XMLMapperBuilder.<init>(XMLMapperBuilder.java:78)
	at org.apache.ibatis.builder.xml.XMLMapperBuilder.<init>(XMLMapperBuilder.java:73)
	at org.apache.ibatis.builder.annotation.MapperAnnotationBuilder.loadXmlResource(MapperAnnotationBuilder.java:165)
	at org.apache.ibatis.builder.annotation.MapperAnnotationBuilder.parse(MapperAnnotationBuilder.java:118)
	at org.apache.ibatis.binding.MapperRegistry.addMapper(MapperRegistry.java:71)
	at org.apache.ibatis.session.Configuration.addMapper(Configuration.java:651)
	at org.mybatis.spring.mapper.MapperFactoryBean.checkDaoConfig(MapperFactoryBean.java:97)
	at org.springframework.dao.support.DaoSupport.afterPropertiesSet(DaoSupport.java:44)
	at org.springframework.beans.factory.support.AbstractAutowireCapableBeanFactory.invokeInitMethods(AbstractAutowireCapableBeanFactory.java:1637)
	at org.springframework.beans.factory.support.AbstractAutowireCapableBeanFactory.initializeBean(AbstractAutowireCapableBeanFactory.java:1574)
	at org.springframework.beans.factory.support.AbstractAutowireCapableBeanFactory.doCreateBean(AbstractAutowireCapableBeanFactory.java:545)
	at org.springframework.beans.factory.support.AbstractAutowireCapableBeanFactory.createBean(AbstractAutowireCapableBeanFactory.java:482)
	at org.springframework.beans.factory.support.AbstractBeanFactory$1.getObject(AbstractBeanFactory.java:306)
	at org.springframework.beans.factory.support.DefaultSingletonBeanRegistry.getSingleton(DefaultSingletonBeanRegistry.java:230)
	at org.springframework.beans.factory.support.AbstractBeanFactory.doGetBean(AbstractBeanFactory.java:302)
	at org.springframework.beans.factory.support.AbstractBeanFactory.getBean(AbstractBeanFactory.java:197)
	at org.springframework.beans.factory.support.DefaultListableBeanFactory.preInstantiateSingletons(DefaultListableBeanFactory.java:753)
	at org.springframework.context.support.AbstractApplicationContext.finishBeanFactoryInitialization(AbstractApplicationContext.java:839)
	at org.springframework.context.support.AbstractApplicationContext.refresh(AbstractApplicationContext.java:538)
	at org.springframework.context.support.ClassPathXmlApplicationContext.<init>(ClassPathXmlApplicationContext.java:139)
	at org.springframework.context.support.ClassPathXmlApplicationContext.<init>(ClassPathXmlApplicationContext.java:83)
	at cn.gzsxt.test.TbitemController.insertBatch(TbitemController.java:19)
	at sun.reflect.NativeMethodAccessorImpl.invoke0(Native Method)
	at sun.reflect.NativeMethodAccessorImpl.invoke(NativeMethodAccessorImpl.java:57)
	at sun.reflect.DelegatingMethodAccessorImpl.invoke(DelegatingMethodAccessorImpl.java:43)
	at java.lang.reflect.Method.invoke(Method.java:601)
	at org.junit.runners.model.FrameworkMethod$1.runReflectiveCall(FrameworkMethod.java:50)
	at org.junit.internal.runners.model.ReflectiveCallable.run(ReflectiveCallable.java:12)
	at org.junit.runners.model.FrameworkMethod.invokeExplosively(FrameworkMethod.java:47)
	at org.junit.internal.runners.statements.InvokeMethod.evaluate(InvokeMethod.java:17)
	at org.junit.runners.ParentRunner.runLeaf(ParentRunner.java:325)
	at org.junit.runners.BlockJUnit4ClassRunner.runChild(BlockJUnit4ClassRunner.java:78)
	at org.junit.runners.BlockJUnit4ClassRunner.runChild(BlockJUnit4ClassRunner.java:57)
	at org.junit.runners.ParentRunner$3.run(ParentRunner.java:290)
	at org.junit.runners.ParentRunner$1.schedule(ParentRunner.java:71)
	at org.junit.runners.ParentRunner.runChildren(ParentRunner.java:288)
	at org.junit.runners.ParentRunner.access$000(ParentRunner.java:58)
	at org.junit.runners.ParentRunner$2.evaluate(ParentRunner.java:268)
	at org.junit.runners.ParentRunner.run(ParentRunner.java:363)
	at org.junit.runner.JUnitCore.run(JUnitCore.java:137)
	at com.intellij.junit4.JUnit4IdeaTestRunner.startRunnerWithArgs(JUnit4IdeaTestRunner.java:68)
	at com.intellij.rt.execution.junit.IdeaTestRunner$Repeater.startRunnerWithArgs(IdeaTestRunner.java:51)
	at com.intellij.rt.execution.junit.JUnitStarter.prepareStreamsAndStart(JUnitStarter.java:237)
	at com.intellij.rt.execution.junit.JUnitStarter.main(JUnitStarter.java:70)
Caused by: org.xml.sax.SAXParseException; lineNumber: 223; columnNumber: 10; 元素类型为 "mapper" 的内容必须匹配 "(cache-ref|cache|resultMap*|parameterMap*|sql*|insert*|update*|delete*|select*)+"。
	at com.sun.org.apache.xerces.internal.util.ErrorHandlerWrapper.createSAXParseException(ErrorHandlerWrapper.java:198)
	at com.sun.org.apache.xerces.internal.util.ErrorHandlerWrapper.error(ErrorHandlerWrapper.java:134)
	at com.sun.org.apache.xerces.internal.impl.XMLErrorReporter.reportError(XMLErrorReporter.java:437)
	at com.sun.org.apache.xerces.internal.impl.XMLErrorReporter.reportError(XMLErrorReporter.java:368)
	at com.sun.org.apache.xerces.internal.impl.XMLErrorReporter.reportError(XMLErrorReporter.java:325)
	at com.sun.org.apache.xerces.internal.impl.dtd.XMLDTDValidator.handleEndElement(XMLDTDValidator.java:1994)
	at com.sun.org.apache.xerces.internal.impl.dtd.XMLDTDValidator.endElement(XMLDTDValidator.java:879)
	at com.sun.org.apache.xerces.internal.impl.XMLDocumentFragmentScannerImpl.scanEndElement(XMLDocumentFragmentScannerImpl.java:1742)
	at com.sun.org.apache.xerces.internal.impl.XMLDocumentFragmentScannerImpl$FragmentContentDriver.next(XMLDocumentFragmentScannerImpl.java:2900)
	at com.sun.org.apache.xerces.internal.impl.XMLDocumentScannerImpl.next(XMLDocumentScannerImpl.java:607)
	at com.sun.org.apache.xerces.internal.impl.XMLDocumentFragmentScannerImpl.scanDocument(XMLDocumentFragmentScannerImpl.java:489)
	at com.sun.org.apache.xerces.internal.parsers.XML11Configuration.parse(XML11Configuration.java:835)
	at com.sun.org.apache.xerces.internal.parsers.XML11Configuration.parse(XML11Configuration.java:764)
	at com.sun.org.apache.xerces.internal.parsers.XMLParser.parse(XMLParser.java:123)
	at com.sun.org.apache.xerces.internal.parsers.DOMParser.parse(DOMParser.java:237)
	at com.sun.org.apache.xerces.internal.jaxp.DocumentBuilderImpl.parse(DocumentBuilderImpl.java:300)
	at org.apache.ibatis.parsing.XPathParser.createDocument(XPathParser.java:254)
	... 45 more
2018-06-25 09:59:00 [main] WARN  [org.springframework.context.support.ClassPathXmlApplicationContext] - Exception encountered during context initialization - cancelling refresh attempt: org.springframework.beans.factory.BeanCreationException: Error creating bean with name 'tbItemMapper' defined in file [E:\myselt-test\target\classes\com\taotao\mapper\TbItemMapper.class]: Invocation of init method failed; nested exception is java.lang.IllegalArgumentException: org.apache.ibatis.builder.BuilderException: Error creating document instance.  Cause: org.xml.sax.SAXParseException; lineNumber: 223; columnNumber: 10; 元素类型为 "mapper" 的内容必须匹配 "(cache-ref|cache|resultMap*|parameterMap*|sql*|insert*|update*|delete*|select*)+"。
2018-06-25 10:11:08 [main] DEBUG [org.apache.ibatis.logging.LogFactory] - Logging initialized using 'class org.apache.ibatis.logging.slf4j.Slf4jImpl' adapter.
2018-06-25 10:11:08 [main] DEBUG [org.apache.ibatis.datasource.pooled.PooledDataSource] - PooledDataSource forcefully closed/removed all connections.
2018-06-25 10:11:08 [main] DEBUG [org.apache.ibatis.datasource.pooled.PooledDataSource] - PooledDataSource forcefully closed/removed all connections.
2018-06-25 10:11:08 [main] DEBUG [org.apache.ibatis.datasource.pooled.PooledDataSource] - PooledDataSource forcefully closed/removed all connections.
2018-06-25 10:11:08 [main] DEBUG [org.apache.ibatis.datasource.pooled.PooledDataSource] - PooledDataSource forcefully closed/removed all connections.
2018-06-25 10:12:08 [main] DEBUG [org.apache.ibatis.logging.LogFactory] - Logging initialized using 'class org.apache.ibatis.logging.slf4j.Slf4jImpl' adapter.
2018-06-25 10:12:08 [main] DEBUG [org.apache.ibatis.datasource.pooled.PooledDataSource] - PooledDataSource forcefully closed/removed all connections.
2018-06-25 10:12:08 [main] DEBUG [org.apache.ibatis.datasource.pooled.PooledDataSource] - PooledDataSource forcefully closed/removed all connections.
2018-06-25 10:12:08 [main] DEBUG [org.apache.ibatis.datasource.pooled.PooledDataSource] - PooledDataSource forcefully closed/removed all connections.
2018-06-25 10:12:08 [main] DEBUG [org.apache.ibatis.datasource.pooled.PooledDataSource] - PooledDataSource forcefully closed/removed all connections.
2018-06-25 10:13:56 [main] DEBUG [org.apache.ibatis.logging.LogFactory] - Logging initialized using 'class org.apache.ibatis.logging.slf4j.Slf4jImpl' adapter.
2018-06-25 10:13:56 [main] DEBUG [org.apache.ibatis.datasource.pooled.PooledDataSource] - PooledDataSource forcefully closed/removed all connections.
2018-06-25 10:13:56 [main] DEBUG [org.apache.ibatis.datasource.pooled.PooledDataSource] - PooledDataSource forcefully closed/removed all connections.
2018-06-25 10:13:56 [main] DEBUG [org.apache.ibatis.datasource.pooled.PooledDataSource] - PooledDataSource forcefully closed/removed all connections.
2018-06-25 10:13:56 [main] DEBUG [org.apache.ibatis.datasource.pooled.PooledDataSource] - PooledDataSource forcefully closed/removed all connections.
2018-06-25 10:17:46 [main] DEBUG [org.apache.ibatis.logging.LogFactory] - Logging initialized using 'class org.apache.ibatis.logging.slf4j.Slf4jImpl' adapter.
2018-06-25 10:17:46 [main] DEBUG [org.apache.ibatis.datasource.pooled.PooledDataSource] - PooledDataSource forcefully closed/removed all connections.
2018-06-25 10:17:46 [main] DEBUG [org.apache.ibatis.datasource.pooled.PooledDataSource] - PooledDataSource forcefully closed/removed all connections.
2018-06-25 10:17:46 [main] DEBUG [org.apache.ibatis.datasource.pooled.PooledDataSource] - PooledDataSource forcefully closed/removed all connections.
2018-06-25 10:17:46 [main] DEBUG [org.apache.ibatis.datasource.pooled.PooledDataSource] - PooledDataSource forcefully closed/removed all connections.
2018-06-25 10:31:37 [main] DEBUG [org.apache.ibatis.logging.LogFactory] - Logging initialized using 'class org.apache.ibatis.logging.slf4j.Slf4jImpl' adapter.
2018-06-25 10:31:37 [main] DEBUG [org.apache.ibatis.datasource.pooled.PooledDataSource] - PooledDataSource forcefully closed/removed all connections.
2018-06-25 10:31:37 [main] DEBUG [org.apache.ibatis.datasource.pooled.PooledDataSource] - PooledDataSource forcefully closed/removed all connections.
2018-06-25 10:31:37 [main] DEBUG [org.apache.ibatis.datasource.pooled.PooledDataSource] - PooledDataSource forcefully closed/removed all connections.
2018-06-25 10:31:37 [main] DEBUG [org.apache.ibatis.datasource.pooled.PooledDataSource] - PooledDataSource forcefully closed/removed all connections.
2018-06-25 10:39:22 [main] DEBUG [org.apache.ibatis.logging.LogFactory] - Logging initialized using 'class org.apache.ibatis.logging.slf4j.Slf4jImpl' adapter.
2018-06-25 10:39:22 [main] DEBUG [org.apache.ibatis.datasource.pooled.PooledDataSource] - PooledDataSource forcefully closed/removed all connections.
2018-06-25 10:39:22 [main] DEBUG [org.apache.ibatis.datasource.pooled.PooledDataSource] - PooledDataSource forcefully closed/removed all connections.
2018-06-25 10:39:22 [main] DEBUG [org.apache.ibatis.datasource.pooled.PooledDataSource] - PooledDataSource forcefully closed/removed all connections.
2018-06-25 10:39:22 [main] DEBUG [org.apache.ibatis.datasource.pooled.PooledDataSource] - PooledDataSource forcefully closed/removed all connections.
2018-06-25 10:39:23 [main] DEBUG [org.apache.ibatis.transaction.jdbc.JdbcTransaction] - Opening JDBC Connection
2018-06-25 10:39:23 [main] DEBUG [org.apache.ibatis.datasource.pooled.PooledDataSource] - Created connection 2079002109.
2018-06-25 10:39:23 [main] DEBUG [org.apache.ibatis.transaction.jdbc.JdbcTransaction] - Setting autocommit to false on JDBC Connection [com.mysql.jdbc.JDBC4Connection@7beb0dfd]
2018-06-25 10:39:23 [main] DEBUG [com.taotao.mapper.TbItemMapper.insertBatch] - ==>  Preparing: INSERT INTO tb_item (sell_point , price, num) VALUES (?,?,?) , (?,?,?) , (?,?,?) , (?,?,?) , (?,?,?) 
2018-06-25 10:39:23 [main] DEBUG [com.taotao.mapper.TbItemMapper.insertBatch] - ==> Parameters: 好用(String), 100(Long), 20(Integer), 好用22(String), 100(Long), 22(Integer), 好用33(String), 100(Long), 33(Integer), 好用44(String), 100(Long), 44(Integer), 好用44(String), 100(Long), 44(Integer)
2018-06-25 10:39:23 [main] DEBUG [com.taotao.mapper.TbItemMapper.insertBatch] - <==    Updates: 5
2018-06-25 10:39:23 [main] DEBUG [org.apache.ibatis.transaction.jdbc.JdbcTransaction] - Committing JDBC Connection [com.mysql.jdbc.JDBC4Connection@7beb0dfd]
2018-06-25 10:39:23 [main] DEBUG [org.apache.ibatis.transaction.jdbc.JdbcTransaction] - Resetting autocommit to true on JDBC Connection [com.mysql.jdbc.JDBC4Connection@7beb0dfd]
2018-06-25 10:39:23 [main] DEBUG [org.apache.ibatis.transaction.jdbc.JdbcTransaction] - Closing JDBC Connection [com.mysql.jdbc.JDBC4Connection@7beb0dfd]
2018-06-25 10:39:23 [main] DEBUG [org.apache.ibatis.datasource.pooled.PooledDataSource] - Returned connection 2079002109 to pool.
2018-06-25 11:28:44 [main] DEBUG [org.apache.ibatis.logging.LogFactory] - Logging initialized using 'class org.apache.ibatis.logging.slf4j.Slf4jImpl' adapter.
2018-06-25 11:28:44 [main] DEBUG [org.apache.ibatis.datasource.pooled.PooledDataSource] - PooledDataSource forcefully closed/removed all connections.
2018-06-25 11:28:44 [main] DEBUG [org.apache.ibatis.datasource.pooled.PooledDataSource] - PooledDataSource forcefully closed/removed all connections.
2018-06-25 11:28:44 [main] DEBUG [org.apache.ibatis.datasource.pooled.PooledDataSource] - PooledDataSource forcefully closed/removed all connections.
2018-06-25 11:28:44 [main] DEBUG [org.apache.ibatis.datasource.pooled.PooledDataSource] - PooledDataSource forcefully closed/removed all connections.
2018-06-25 11:28:44 [main] DEBUG [org.apache.ibatis.transaction.jdbc.JdbcTransaction] - Opening JDBC Connection
2018-06-25 11:28:45 [main] DEBUG [org.apache.ibatis.datasource.pooled.PooledDataSource] - Created connection 1397946732.
2018-06-25 11:28:45 [main] DEBUG [org.apache.ibatis.transaction.jdbc.JdbcTransaction] - Setting autocommit to false on JDBC Connection [com.mysql.jdbc.JDBC4Connection@5352f96c]
2018-06-25 11:28:45 [main] DEBUG [com.taotao.mapper.TbItemMapper.selectById] - ==>  Preparing: SELECT * FROM tb_item t WHERE t.id = ? 
2018-06-25 11:28:45 [main] DEBUG [com.taotao.mapper.TbItemMapper.selectById] - ==> Parameters: 1(Long)
2018-06-25 11:28:45 [main] DEBUG [com.taotao.mapper.TbItemMapper.selectById] - <==      Total: 1
2018-06-25 11:28:45 [main] DEBUG [com.taotao.mapper.TbItemMapper.update] - ==>  Preparing: update tb_item SET sell_point=?, price=?, num=? where id=? 
2018-06-25 11:28:45 [main] DEBUG [com.taotao.mapper.TbItemMapper.update] - ==> Parameters: 你好！(String), 100(Long), 20(Integer), 1(Long)
2018-06-25 11:28:45 [main] DEBUG [com.taotao.mapper.TbItemMapper.update] - <==    Updates: 1
2018-06-25 11:28:45 [main] DEBUG [org.apache.ibatis.transaction.jdbc.JdbcTransaction] - Committing JDBC Connection [com.mysql.jdbc.JDBC4Connection@5352f96c]
2018-06-25 11:28:45 [main] DEBUG [org.apache.ibatis.transaction.jdbc.JdbcTransaction] - Resetting autocommit to true on JDBC Connection [com.mysql.jdbc.JDBC4Connection@5352f96c]
2018-06-25 11:28:45 [main] DEBUG [org.apache.ibatis.transaction.jdbc.JdbcTransaction] - Closing JDBC Connection [com.mysql.jdbc.JDBC4Connection@5352f96c]
2018-06-25 11:28:45 [main] DEBUG [org.apache.ibatis.datasource.pooled.PooledDataSource] - Returned connection 1397946732 to pool.
2018-06-25 16:09:02 [main] DEBUG [org.apache.ibatis.logging.LogFactory] - Logging initialized using 'class org.apache.ibatis.logging.slf4j.Slf4jImpl' adapter.
2018-06-25 16:09:02 [main] DEBUG [org.apache.ibatis.datasource.pooled.PooledDataSource] - PooledDataSource forcefully closed/removed all connections.
2018-06-25 16:09:02 [main] DEBUG [org.apache.ibatis.datasource.pooled.PooledDataSource] - PooledDataSource forcefully closed/removed all connections.
2018-06-25 16:09:02 [main] DEBUG [org.apache.ibatis.datasource.pooled.PooledDataSource] - PooledDataSource forcefully closed/removed all connections.
2018-06-25 16:09:02 [main] DEBUG [org.apache.ibatis.datasource.pooled.PooledDataSource] - PooledDataSource forcefully closed/removed all connections.
2018-06-26 20:08:33 [main] DEBUG [org.apache.ibatis.logging.LogFactory] - Logging initialized using 'class org.apache.ibatis.logging.slf4j.Slf4jImpl' adapter.
2018-06-26 20:08:33 [main] DEBUG [org.apache.ibatis.datasource.pooled.PooledDataSource] - PooledDataSource forcefully closed/removed all connections.
2018-06-26 20:08:33 [main] DEBUG [org.apache.ibatis.datasource.pooled.PooledDataSource] - PooledDataSource forcefully closed/removed all connections.
2018-06-26 20:08:33 [main] DEBUG [org.apache.ibatis.datasource.pooled.PooledDataSource] - PooledDataSource forcefully closed/removed all connections.
2018-06-26 20:08:33 [main] DEBUG [org.apache.ibatis.datasource.pooled.PooledDataSource] - PooledDataSource forcefully closed/removed all connections.
